# JRE version: OpenJDK Runtime Environment Microsoft-8035246 (17.0.8+7) (build 17.0.8+7-LTS)
# Java VM: OpenJDK 64-Bit Server VM Microsoft-8035246 (17.0.8+7-LTS, mixed mode, sharing, tiered, compressed oops, compressed class ptrs, g1 gc, windows-amd64)
GC Precious Log:
 CPUs: 12 total, 12 available
 Memory: 15694M
 Large Page Support: Disabled
 NUMA Support: Disabled
 Compressed Oops: Enabled (32-bit)
 Heap Region Size: 1M
 Heap Min Capacity: 8M
 Heap Initial Capacity: 246M
 Heap Max Capacity: 2G
 Pre-touch: Disabled
 Parallel Workers: 10
 Concurrent Workers: 3
 Concurrent Refinement Workers: 10
 Periodic GC: Disabled
Heap:
 garbage-first heap   total 307200K, used 249908K [0x0000000080000000, 0x0000000100000000)
  region size 1024K, 56 young (57344K), 8 survivors (8192K)
 Metaspace       used 110404K, committed 111744K, reserved 557056K
  class space    used 15241K, committed 15872K, reserved 425984K
GC Heap History (20 events):
Event: 34.890 GC heap before
{Heap before GC invocations=55 (full 0):
 garbage-first heap   total 209920K, used 170050K [0x0000000080000000, 0x0000000100000000)
  region size 1024K, 32 young (32768K), 2 survivors (2048K)
 Metaspace       used 98298K, committed 99456K, reserved 557056K
  class space    used 13685K, committed 14208K, reserved 425984K
}
Event: 34.895 GC heap after
{Heap after GC invocations=56 (full 0):
 garbage-first heap   total 209920K, used 146391K [0x0000000080000000, 0x0000000100000000)
  region size 1024K, 4 young (4096K), 4 survivors (4096K)
 Metaspace       used 98298K, committed 99456K, reserved 557056K
  class space    used 13685K, committed 14208K, reserved 425984K
}
Event: 35.231 GC heap before
{Heap before GC invocations=57 (full 0):
 garbage-first heap   total 256000K, used 169943K [0x0000000080000000, 0x0000000100000000)
  region size 1024K, 27 young (27648K), 4 survivors (4096K)
 Metaspace       used 98529K, committed 99712K, reserved 557056K
  class space    used 13714K, committed 14272K, reserved 425984K
}
Event: 35.236 GC heap after
{Heap after GC invocations=58 (full 0):
 garbage-first heap   total 256000K, used 154699K [0x0000000080000000, 0x0000000100000000)
  region size 1024K, 4 young (4096K), 4 survivors (4096K)
 Metaspace       used 98529K, committed 99712K, reserved 557056K
  class space    used 13714K, committed 14272K, reserved 425984K
}
Event: 35.470 GC heap before
{Heap before GC invocations=58 (full 0):
 garbage-first heap   total 256000K, used 162891K [0x0000000080000000, 0x0000000100000000)
  region size 1024K, 12 young (12288K), 4 survivors (4096K)
 Metaspace       used 98566K, committed 99776K, reserved 557056K
  class space    used 13714K, committed 14272K, reserved 425984K
}
Event: 35.474 GC heap after
{Heap after GC invocations=59 (full 0):
 garbage-first heap   total 307200K, used 156035K [0x0000000080000000, 0x0000000100000000)
  region size 1024K, 2 young (2048K), 2 survivors (2048K)
 Metaspace       used 98566K, committed 99776K, reserved 557056K
  class space    used 13714K, committed 14272K, reserved 425984K
}
Event: 36.400 GC heap before
{Heap before GC invocations=59 (full 0):
 garbage-first heap   total 307200K, used 228739K [0x0000000080000000, 0x0000000100000000)
  region size 1024K, 71 young (72704K), 2 survivors (2048K)
 Metaspace       used 101859K, committed 103040K, reserved 557056K
  class space    used 14212K, committed 14720K, reserved 425984K
}
Event: 36.409 GC heap after
{Heap after GC invocations=60 (full 0):
 garbage-first heap   total 307200K, used 165424K [0x0000000080000000, 0x0000000100000000)
  region size 1024K, 9 young (9216K), 9 survivors (9216K)
 Metaspace       used 101859K, committed 103040K, reserved 557056K
  class space    used 14212K, committed 14720K, reserved 425984K
}
Event: 37.816 GC heap before
{Heap before GC invocations=60 (full 0):
 garbage-first heap   total 307200K, used 234032K [0x0000000080000000, 0x0000000100000000)
  region size 1024K, 76 young (77824K), 9 survivors (9216K)
 Metaspace       used 105130K, committed 106368K, reserved 557056K
  class space    used 14622K, committed 15168K, reserved 425984K
}
Event: 37.829 GC heap after
{Heap after GC invocations=61 (full 0):
 garbage-first heap   total 307200K, used 174116K [0x0000000080000000, 0x0000000100000000)
  region size 1024K, 9 young (9216K), 9 survivors (9216K)
 Metaspace       used 105130K, committed 106368K, reserved 557056K
  class space    used 14622K, committed 15168K, reserved 425984K
}
Event: 38.819 GC heap before
{Heap before GC invocations=61 (full 0):
 garbage-first heap   total 307200K, used 238628K [0x0000000080000000, 0x0000000100000000)
  region size 1024K, 72 young (73728K), 9 survivors (9216K)
 Metaspace       used 106250K, committed 107456K, reserved 557056K
  class space    used 14737K, committed 15296K, reserved 425984K
}
Event: 38.835 GC heap after
{Heap after GC invocations=62 (full 0):
 garbage-first heap   total 307200K, used 181339K [0x0000000080000000, 0x0000000100000000)
  region size 1024K, 8 young (8192K), 8 survivors (8192K)
 Metaspace       used 106250K, committed 107456K, reserved 557056K
  class space    used 14737K, committed 15296K, reserved 425984K
}
Event: 39.349 GC heap before
{Heap before GC invocations=62 (full 0):
 garbage-first heap   total 307200K, used 243803K [0x0000000080000000, 0x0000000100000000)
  region size 1024K, 69 young (70656K), 8 survivors (8192K)
 Metaspace       used 106727K, committed 108096K, reserved 557056K
  class space    used 14783K, committed 15424K, reserved 425984K
}
Event: 39.359 GC heap after
{Heap after GC invocations=63 (full 0):
 garbage-first heap   total 307200K, used 187687K [0x0000000080000000, 0x0000000100000000)
  region size 1024K, 7 young (7168K), 7 survivors (7168K)
 Metaspace       used 106727K, committed 108096K, reserved 557056K
  class space    used 14783K, committed 15424K, reserved 425984K
}
Event: 39.998 GC heap before
{Heap before GC invocations=63 (full 0):
 garbage-first heap   total 307200K, used 252199K [0x0000000080000000, 0x0000000100000000)
  region size 1024K, 66 young (67584K), 7 survivors (7168K)
 Metaspace       used 109410K, committed 110720K, reserved 557056K
  class space    used 15135K, committed 15744K, reserved 425984K
}
Event: 40.009 GC heap after
{Heap after GC invocations=64 (full 0):
 garbage-first heap   total 307200K, used 195007K [0x0000000080000000, 0x0000000100000000)
  region size 1024K, 8 young (8192K), 8 survivors (8192K)
 Metaspace       used 109410K, committed 110720K, reserved 557056K
  class space    used 15135K, committed 15744K, reserved 425984K
}
Event: 40.562 GC heap before
{Heap before GC invocations=64 (full 0):
 garbage-first heap   total 307200K, used 250303K [0x0000000080000000, 0x0000000100000000)
  region size 1024K, 63 young (64512K), 8 survivors (8192K)
 Metaspace       used 109780K, committed 111104K, reserved 557056K
  class space    used 15141K, committed 15744K, reserved 425984K
}
Event: 40.577 GC heap after
{Heap after GC invocations=65 (full 0):
 garbage-first heap   total 307200K, used 197383K [0x0000000080000000, 0x0000000100000000)
  region size 1024K, 3 young (3072K), 3 survivors (3072K)
 Metaspace       used 109780K, committed 111104K, reserved 557056K
  class space    used 15141K, committed 15744K, reserved 425984K
}
Event: 41.019 GC heap before
{Heap before GC invocations=65 (full 0):
 garbage-first heap   total 307200K, used 253703K [0x0000000080000000, 0x0000000100000000)
  region size 1024K, 59 young (60416K), 3 survivors (3072K)
 Metaspace       used 110339K, committed 111680K, reserved 557056K
  class space    used 15240K, committed 15872K, reserved 425984K
}
Event: 41.026 GC heap after
{Heap after GC invocations=66 (full 0):
 garbage-first heap   total 307200K, used 202804K [0x0000000080000000, 0x0000000100000000)
  region size 1024K, 8 young (8192K), 8 survivors (8192K)
 Metaspace       used 110339K, committed 111680K, reserved 557056K
  class space    used 15240K, committed 15872K, reserved 425984K
}

