# JRE version: OpenJDK Runtime Environment Microsoft-8035246 (17.0.8+7) (build 17.0.8+7-LTS)
# Java VM: OpenJDK 64-Bit Server VM Microsoft-8035246 (17.0.8+7-LTS, mixed mode, sharing, tiered, compressed oops, compressed class ptrs, g1 gc, windows-amd64)
GC Precious Log:
 CPUs: 12 total, 12 available
 Memory: 15694M
 Large Page Support: Disabled
 NUMA Support: Disabled
 Compressed Oops: Enabled (32-bit)
 Heap Region Size: 1M
 Heap Min Capacity: 8M
 Heap Initial Capacity: 246M
 Heap Max Capacity: 2G
 Pre-touch: Disabled
 Parallel Workers: 10
 Concurrent Workers: 3
 Concurrent Refinement Workers: 10
 Periodic GC: Disabled
Heap:
 garbage-first heap   total 301056K, used 234282K [0x0000000080000000, 0x0000000100000000)
  region size 1024K, 37 young (37888K), 7 survivors (7168K)
 Metaspace       used 105214K, committed 106560K, reserved 557056K
  class space    used 14616K, committed 15232K, reserved 425984K
GC Heap History (20 events):
Event: 34.960 GC heap before
{Heap before GC invocations=53 (full 0):
 garbage-first heap   total 224256K, used 186850K [0x0000000080000000, 0x0000000100000000)
  region size 1024K, 22 young (22528K), 3 survivors (3072K)
 Metaspace       used 96105K, committed 97280K, reserved 557056K
  class space    used 13430K, committed 13952K, reserved 425984K
}
Event: 34.965 GC heap after
{Heap after GC invocations=54 (full 0):
 garbage-first heap   total 224256K, used 168612K [0x0000000080000000, 0x0000000100000000)
  region size 1024K, 2 young (2048K), 2 survivors (2048K)
 Metaspace       used 96105K, committed 97280K, reserved 557056K
  class space    used 13430K, committed 13952K, reserved 425984K
}
Event: 35.345 GC heap before
{Heap before GC invocations=54 (full 0):
 garbage-first heap   total 224256K, used 189092K [0x0000000080000000, 0x0000000100000000)
  region size 1024K, 22 young (22528K), 2 survivors (2048K)
 Metaspace       used 97910K, committed 99072K, reserved 557056K
  class space    used 13719K, committed 14208K, reserved 425984K
}
Event: 35.348 GC heap after
{Heap after GC invocations=55 (full 0):
 garbage-first heap   total 269312K, used 169311K [0x0000000080000000, 0x0000000100000000)
  region size 1024K, 2 young (2048K), 2 survivors (2048K)
 Metaspace       used 97910K, committed 99072K, reserved 557056K
  class space    used 13719K, committed 14208K, reserved 425984K
}
Event: 36.146 GC heap before
{Heap before GC invocations=55 (full 0):
 garbage-first heap   total 269312K, used 210271K [0x0000000080000000, 0x0000000100000000)
  region size 1024K, 43 young (44032K), 2 survivors (2048K)
 Metaspace       used 99687K, committed 100928K, reserved 557056K
  class space    used 13959K, committed 14528K, reserved 425984K
}
Event: 36.154 GC heap after
{Heap after GC invocations=56 (full 0):
 garbage-first heap   total 269312K, used 173852K [0x0000000080000000, 0x0000000100000000)
  region size 1024K, 7 young (7168K), 7 survivors (7168K)
 Metaspace       used 99687K, committed 100928K, reserved 557056K
  class space    used 13959K, committed 14528K, reserved 425984K
}
Event: 36.863 GC heap before
{Heap before GC invocations=57 (full 0):
 garbage-first heap   total 301056K, used 218908K [0x0000000080000000, 0x0000000100000000)
  region size 1024K, 51 young (52224K), 7 survivors (7168K)
 Metaspace       used 100769K, committed 102016K, reserved 557056K
  class space    used 14093K, committed 14656K, reserved 425984K
}
Event: 36.873 GC heap after
{Heap after GC invocations=58 (full 0):
 garbage-first heap   total 301056K, used 180870K [0x0000000080000000, 0x0000000100000000)
  region size 1024K, 7 young (7168K), 7 survivors (7168K)
 Metaspace       used 100769K, committed 102016K, reserved 557056K
  class space    used 14093K, committed 14656K, reserved 425984K
}
Event: 36.959 GC heap before
{Heap before GC invocations=58 (full 0):
 garbage-first heap   total 301056K, used 188038K [0x0000000080000000, 0x0000000100000000)
  region size 1024K, 14 young (14336K), 7 survivors (7168K)
 Metaspace       used 100811K, committed 102080K, reserved 557056K
  class space    used 14094K, committed 14656K, reserved 425984K
}
Event: 36.969 GC heap after
{Heap after GC invocations=59 (full 0):
 garbage-first heap   total 301056K, used 181032K [0x0000000080000000, 0x0000000100000000)
  region size 1024K, 2 young (2048K), 2 survivors (2048K)
 Metaspace       used 100811K, committed 102080K, reserved 557056K
  class space    used 14094K, committed 14656K, reserved 425984K
}
Event: 37.815 GC heap before
{Heap before GC invocations=59 (full 0):
 garbage-first heap   total 301056K, used 243496K [0x0000000080000000, 0x0000000100000000)
  region size 1024K, 63 young (64512K), 2 survivors (2048K)
 Metaspace       used 101040K, committed 102272K, reserved 557056K
  class space    used 14097K, committed 14656K, reserved 425984K
}
Event: 37.821 GC heap after
{Heap after GC invocations=60 (full 0):
 garbage-first heap   total 301056K, used 186135K [0x0000000080000000, 0x0000000100000000)
  region size 1024K, 7 young (7168K), 7 survivors (7168K)
 Metaspace       used 101040K, committed 102272K, reserved 557056K
  class space    used 14097K, committed 14656K, reserved 425984K
}
Event: 38.346 GC heap before
{Heap before GC invocations=60 (full 0):
 garbage-first heap   total 301056K, used 245527K [0x0000000080000000, 0x0000000100000000)
  region size 1024K, 66 young (67584K), 7 survivors (7168K)
 Metaspace       used 101954K, committed 103232K, reserved 557056K
  class space    used 14185K, committed 14784K, reserved 425984K
}
Event: 38.355 GC heap after
{Heap after GC invocations=61 (full 0):
 garbage-first heap   total 301056K, used 192724K [0x0000000080000000, 0x0000000100000000)
  region size 1024K, 7 young (7168K), 7 survivors (7168K)
 Metaspace       used 101954K, committed 103232K, reserved 557056K
  class space    used 14185K, committed 14784K, reserved 425984K
}
Event: 38.947 GC heap before
{Heap before GC invocations=61 (full 0):
 garbage-first heap   total 301056K, used 253140K [0x0000000080000000, 0x0000000100000000)
  region size 1024K, 62 young (63488K), 7 survivors (7168K)
 Metaspace       used 104377K, committed 105664K, reserved 557056K
  class space    used 14516K, committed 15104K, reserved 425984K
}
Event: 38.956 GC heap after
{Heap after GC invocations=62 (full 0):
 garbage-first heap   total 301056K, used 197925K [0x0000000080000000, 0x0000000100000000)
  region size 1024K, 6 young (6144K), 6 survivors (6144K)
 Metaspace       used 104377K, committed 105664K, reserved 557056K
  class space    used 14516K, committed 15104K, reserved 425984K
}
Event: 39.473 GC heap before
{Heap before GC invocations=62 (full 0):
 garbage-first heap   total 301056K, used 250149K [0x0000000080000000, 0x0000000100000000)
  region size 1024K, 58 young (59392K), 6 survivors (6144K)
 Metaspace       used 104621K, committed 105920K, reserved 557056K
  class space    used 14516K, committed 15104K, reserved 425984K
}
Event: 39.479 GC heap after
{Heap after GC invocations=63 (full 0):
 garbage-first heap   total 301056K, used 200286K [0x0000000080000000, 0x0000000100000000)
  region size 1024K, 3 young (3072K), 3 survivors (3072K)
 Metaspace       used 104621K, committed 105920K, reserved 557056K
  class space    used 14516K, committed 15104K, reserved 425984K
}
Event: 39.857 GC heap before
{Heap before GC invocations=63 (full 0):
 garbage-first heap   total 301056K, used 252510K [0x0000000080000000, 0x0000000100000000)
  region size 1024K, 55 young (56320K), 3 survivors (3072K)
 Metaspace       used 105175K, committed 106496K, reserved 557056K
  class space    used 14616K, committed 15232K, reserved 425984K
}
Event: 39.862 GC heap after
{Heap after GC invocations=64 (full 0):
 garbage-first heap   total 301056K, used 205610K [0x0000000080000000, 0x0000000100000000)
  region size 1024K, 7 young (7168K), 7 survivors (7168K)
 Metaspace       used 105175K, committed 106496K, reserved 557056K
  class space    used 14616K, committed 15232K, reserved 425984K
}

